/data/npl/ICEK/TnT/prepro_TnT_env/bin/python
===== GPU Status (nvidia-smi) =====
Mon Jul 14 01:31:12 2025       
+---------------------------------------------------------------------------------------+
| NVIDIA-SMI 535.161.08             Driver Version: 535.161.08   CUDA Version: 12.2     |
|-----------------------------------------+----------------------+----------------------+
| GPU  Name                 Persistence-M | Bus-Id        Disp.A | Volatile Uncorr. ECC |
| Fan  Temp   Perf          Pwr:Usage/Cap |         Memory-Usage | GPU-Util  Compute M. |
|                                         |                      |               MIG M. |
|=========================================+======================+======================|
|   0  NVIDIA A100-SXM4-80GB          On  | 00000000:07:00.0 Off |                    0 |
| N/A   48C    P0             373W / 400W |  42147MiB / 81920MiB |     86%      Default |
|                                         |                      |             Disabled |
+-----------------------------------------+----------------------+----------------------+
                                                                                         
+---------------------------------------------------------------------------------------+
| Processes:                                                                            |
|  GPU   GI   CI        PID   Type   Process name                            GPU Memory |
|        ID   ID                                                             Usage      |
|=======================================================================================|
|    0   N/A  N/A    276560      C   python                                      984MiB |
|    0   N/A  N/A   2417601      C   python                                    34828MiB |
|    0   N/A  N/A   2949967      C   python                                     2178MiB |
|    0   N/A  N/A   3098276      C   python                                     4128MiB |
+---------------------------------------------------------------------------------------+
===== Checking PyTorch CUDA availability =====
Torch CUDA available?  True
===== preprocessing =====
2025-07-13 18:31:19 INFO  WordSegmenter:24 - Loading Word Segmentation model
2025-07-13 18:31:19 INFO  NerRecognizer:34 - Loading NER model
Loaded arguments
VnCoreNLP model folder /data/npl/ICEK/VnCoreNLP already exists! Please load VnCoreNLP from this folder!
YOLOv8m summary (fused): 92 layers, 25,886,080 parameters, 0 gradients, 78.9 GFLOPs
===== training =====
