2025-07-14 01:28:04,759 - INFO - Loaded VnCoreNLP
2025-07-14 01:28:09,333 - INFO - Loaded FaceNet
2025-07-14 01:28:11,373 - INFO - Loaded ResNet152
2025-07-14 01:28:12,260 - INFO - Loaded YOLOv8
2025-07-14 01:28:17,777 - INFO - Loaded PhoBERT
2025-07-14 01:31:33,286 - INFO - Loaded VnCoreNLP
2025-07-14 01:31:34,879 - INFO - Loaded FaceNet
2025-07-14 01:31:36,647 - INFO - Loaded ResNet152
2025-07-14 01:31:37,203 - INFO - Loaded YOLOv8
2025-07-14 01:31:41,706 - INFO - Loaded PhoBERT
2025-07-14 01:33:21,352 - ERROR - Error in batch processing: Can't pickle <class 'jnius.reflect.java.lang.String'>: attribute lookup java.lang.String on jnius.reflect failed
2025-07-14 01:33:21,368 - ERROR - Error in batch processing: Can't pickle <class 'jnius.reflect.java.lang.String'>: attribute lookup java.lang.String on jnius.reflect failed
2025-07-14 01:33:21,407 - ERROR - Error in batch processing: Can't pickle <class 'jnius.reflect.java.lang.String'>: attribute lookup java.lang.String on jnius.reflect failed
2025-07-14 01:33:21,408 - ERROR - Error in batch processing: Can't pickle <class 'jnius.reflect.java.lang.String'>: attribute lookup java.lang.String on jnius.reflect failed
2025-07-14 01:33:21,414 - ERROR - Error in batch processing: Can't pickle <class 'jnius.reflect.java.lang.String'>: attribute lookup java.lang.String on jnius.reflect failed
2025-07-14 01:33:21,414 - ERROR - Error in batch processing: Can't pickle <class 'jnius.reflect.java.lang.String'>: attribute lookup java.lang.String on jnius.reflect failed
2025-07-14 01:33:21,426 - ERROR - Error in batch processing: Can't pickle <class 'jnius.reflect.java.lang.String'>: attribute lookup java.lang.String on jnius.reflect failed
2025-07-14 01:33:21,438 - ERROR - Error in batch processing: Can't pickle <class 'jnius.reflect.java.lang.String'>: attribute lookup java.lang.String on jnius.reflect failed
2025-07-14 01:33:21,456 - ERROR - Error in batch processing: Can't pickle <class 'jnius.reflect.java.lang.String'>: attribute lookup java.lang.String on jnius.reflect failed
2025-07-14 01:33:21,456 - ERROR - Error in batch processing: Can't pickle <class 'jnius.reflect.java.lang.String'>: attribute lookup java.lang.String on jnius.reflect failed
2025-07-14 01:33:21,469 - ERROR - Error in batch processing: Can't pickle <class 'jnius.reflect.java.lang.String'>: attribute lookup java.lang.String on jnius.reflect failed
2025-07-14 01:33:21,469 - ERROR - Error in batch processing: Can't pickle <class 'jnius.reflect.java.lang.String'>: attribute lookup java.lang.String on jnius.reflect failed
2025-07-14 01:33:21,469 - ERROR - Error in batch processing: Can't pickle <class 'jnius.reflect.java.lang.String'>: attribute lookup java.lang.String on jnius.reflect failed
2025-07-14 01:33:21,474 - ERROR - Error in batch processing: Can't pickle <class 'jnius.reflect.java.lang.String'>: attribute lookup java.lang.String on jnius.reflect failed
2025-07-14 01:33:21,474 - ERROR - Error in batch processing: Can't pickle <class 'jnius.reflect.java.lang.String'>: attribute lookup java.lang.String on jnius.reflect failed
2025-07-14 01:33:21,474 - ERROR - Error in batch processing: Can't pickle <class 'jnius.reflect.java.lang.String'>: attribute lookup java.lang.String on jnius.reflect failed
2025-07-14 01:33:21,486 - ERROR - Error in batch processing: Can't pickle <class 'jnius.reflect.java.lang.String'>: attribute lookup java.lang.String on jnius.reflect failed
2025-07-14 01:33:21,486 - ERROR - Error in batch processing: Can't pickle <class 'jnius.reflect.java.lang.String'>: attribute lookup java.lang.String on jnius.reflect failed
2025-07-14 01:33:21,486 - ERROR - Error in batch processing: Can't pickle <class 'jnius.reflect.java.lang.String'>: attribute lookup java.lang.String on jnius.reflect failed
2025-07-14 01:33:21,518 - ERROR - Error in batch processing: Can't pickle <class 'jnius.reflect.java.lang.String'>: attribute lookup java.lang.String on jnius.reflect failed
2025-07-14 01:33:21,529 - ERROR - Error in batch processing: Can't pickle <class 'jnius.reflect.java.lang.String'>: attribute lookup java.lang.String on jnius.reflect failed
2025-07-14 01:33:21,529 - ERROR - Error in batch processing: Can't pickle <class 'jnius.reflect.java.lang.String'>: attribute lookup java.lang.String on jnius.reflect failed
2025-07-14 01:33:21,552 - ERROR - Error in batch processing: Can't pickle <class 'jnius.reflect.java.lang.String'>: attribute lookup java.lang.String on jnius.reflect failed
2025-07-14 01:33:21,552 - ERROR - Error in batch processing: Can't pickle <class 'jnius.reflect.java.lang.String'>: attribute lookup java.lang.String on jnius.reflect failed
2025-07-14 01:33:21,561 - ERROR - Error in batch processing: Can't pickle <class 'jnius.reflect.java.lang.String'>: attribute lookup java.lang.String on jnius.reflect failed
2025-07-14 01:33:21,561 - ERROR - Error in batch processing: Can't pickle <class 'jnius.reflect.java.lang.String'>: attribute lookup java.lang.String on jnius.reflect failed
2025-07-14 01:33:21,561 - ERROR - Error in batch processing: Can't pickle <class 'jnius.reflect.java.lang.String'>: attribute lookup java.lang.String on jnius.reflect failed
2025-07-14 01:33:21,571 - ERROR - Error in batch processing: Can't pickle <class 'jnius.reflect.java.lang.String'>: attribute lookup java.lang.String on jnius.reflect failed
2025-07-14 01:33:21,571 - ERROR - Error in batch processing: Can't pickle <class 'jnius.reflect.java.lang.String'>: attribute lookup java.lang.String on jnius.reflect failed
2025-07-14 01:33:21,571 - ERROR - Error in batch processing: Can't pickle <class 'jnius.reflect.java.lang.String'>: attribute lookup java.lang.String on jnius.reflect failed
2025-07-14 01:33:21,584 - ERROR - Error in batch processing: Can't pickle <class 'jnius.reflect.java.lang.String'>: attribute lookup java.lang.String on jnius.reflect failed
2025-07-14 01:33:21,584 - ERROR - Error in batch processing: Can't pickle <class 'jnius.reflect.java.lang.String'>: attribute lookup java.lang.String on jnius.reflect failed
2025-07-14 01:33:21,584 - ERROR - Error in batch processing: Can't pickle <class 'jnius.reflect.java.lang.String'>: attribute lookup java.lang.String on jnius.reflect failed
2025-07-14 01:33:21,601 - ERROR - Error in batch processing: Can't pickle <class 'jnius.reflect.java.lang.String'>: attribute lookup java.lang.String on jnius.reflect failed
2025-07-14 01:33:21,601 - ERROR - Error in batch processing: Can't pickle <class 'jnius.reflect.java.lang.String'>: attribute lookup java.lang.String on jnius.reflect failed
2025-07-14 01:33:21,612 - ERROR - Error in batch processing: Can't pickle <class 'jnius.reflect.java.lang.String'>: attribute lookup java.lang.String on jnius.reflect failed
2025-07-14 01:33:21,612 - ERROR - Error in batch processing: Can't pickle <class 'jnius.reflect.java.lang.String'>: attribute lookup java.lang.String on jnius.reflect failed
2025-07-14 01:33:21,622 - ERROR - Error in batch processing: Can't pickle <class 'jnius.reflect.java.lang.String'>: attribute lookup java.lang.String on jnius.reflect failed
2025-07-14 01:33:21,622 - ERROR - Error in batch processing: Can't pickle <class 'jnius.reflect.java.lang.String'>: attribute lookup java.lang.String on jnius.reflect failed
2025-07-14 01:33:21,651 - ERROR - Error in batch processing: Can't pickle <class 'jnius.reflect.java.lang.String'>: attribute lookup java.lang.String on jnius.reflect failed
2025-07-14 01:33:21,652 - ERROR - Error in batch processing: Can't pickle <class 'jnius.reflect.java.lang.String'>: attribute lookup java.lang.String on jnius.reflect failed
2025-07-14 01:33:21,666 - ERROR - Error in batch processing: Can't pickle <class 'jnius.reflect.java.lang.String'>: attribute lookup java.lang.String on jnius.reflect failed
2025-07-14 01:33:21,666 - ERROR - Error in batch processing: Can't pickle <class 'jnius.reflect.java.lang.String'>: attribute lookup java.lang.String on jnius.reflect failed
2025-07-14 01:33:21,673 - ERROR - Error in batch processing: Can't pickle <class 'jnius.reflect.java.lang.String'>: attribute lookup java.lang.String on jnius.reflect failed
2025-07-14 01:33:21,673 - ERROR - Error in batch processing: Can't pickle <class 'jnius.reflect.java.lang.String'>: attribute lookup java.lang.String on jnius.reflect failed
2025-07-14 01:33:21,680 - ERROR - Error in batch processing: Can't pickle <class 'jnius.reflect.java.lang.String'>: attribute lookup java.lang.String on jnius.reflect failed
2025-07-14 01:33:21,680 - ERROR - Error in batch processing: Can't pickle <class 'jnius.reflect.java.lang.String'>: attribute lookup java.lang.String on jnius.reflect failed
2025-07-14 01:33:21,682 - ERROR - Error in batch processing: Can't pickle <class 'jnius.reflect.java.lang.String'>: attribute lookup java.lang.String on jnius.reflect failed
2025-07-14 01:33:21,682 - ERROR - Error in batch processing: Can't pickle <class 'jnius.reflect.java.lang.String'>: attribute lookup java.lang.String on jnius.reflect failed
2025-07-14 01:33:21,682 - ERROR - Error in batch processing: Can't pickle <class 'jnius.reflect.java.lang.String'>: attribute lookup java.lang.String on jnius.reflect failed
2025-07-14 01:33:21,696 - ERROR - Error in batch processing: Can't pickle <class 'jnius.reflect.java.lang.String'>: attribute lookup java.lang.String on jnius.reflect failed
2025-07-14 01:33:21,697 - ERROR - Error in batch processing: Can't pickle <class 'jnius.reflect.java.lang.String'>: attribute lookup java.lang.String on jnius.reflect failed
2025-07-14 01:33:21,703 - ERROR - Error in batch processing: Can't pickle <class 'jnius.reflect.java.lang.String'>: attribute lookup java.lang.String on jnius.reflect failed
2025-07-14 01:33:21,707 - ERROR - Error in batch processing: Can't pickle <class 'jnius.reflect.java.lang.String'>: attribute lookup java.lang.String on jnius.reflect failed
2025-07-14 01:33:21,711 - ERROR - Error in batch processing: Can't pickle <class 'jnius.reflect.java.lang.String'>: attribute lookup java.lang.String on jnius.reflect failed
2025-07-14 01:33:21,711 - ERROR - Error in batch processing: Can't pickle <class 'jnius.reflect.java.lang.String'>: attribute lookup java.lang.String on jnius.reflect failed
2025-07-14 01:33:21,722 - ERROR - Error in batch processing: Can't pickle <class 'jnius.reflect.java.lang.String'>: attribute lookup java.lang.String on jnius.reflect failed
2025-07-14 01:33:21,722 - ERROR - Error in batch processing: Can't pickle <class 'jnius.reflect.java.lang.String'>: attribute lookup java.lang.String on jnius.reflect failed
2025-07-14 01:33:21,722 - ERROR - Error in batch processing: Can't pickle <class 'jnius.reflect.java.lang.String'>: attribute lookup java.lang.String on jnius.reflect failed
2025-07-14 01:33:21,730 - ERROR - Error in batch processing: Can't pickle <class 'jnius.reflect.java.lang.String'>: attribute lookup java.lang.String on jnius.reflect failed
2025-07-14 01:33:21,730 - ERROR - Error in batch processing: Can't pickle <class 'jnius.reflect.java.lang.String'>: attribute lookup java.lang.String on jnius.reflect failed
2025-07-14 01:33:21,732 - ERROR - Error in batch processing: Can't pickle <class 'jnius.reflect.java.lang.String'>: attribute lookup java.lang.String on jnius.reflect failed
2025-07-14 01:33:21,732 - ERROR - Error in batch processing: Can't pickle <class 'jnius.reflect.java.lang.String'>: attribute lookup java.lang.String on jnius.reflect failed
2025-07-14 01:33:21,732 - ERROR - Error in batch processing: Can't pickle <class 'jnius.reflect.java.lang.String'>: attribute lookup java.lang.String on jnius.reflect failed
2025-07-14 01:33:21,740 - ERROR - Error in batch processing: Can't pickle <class 'jnius.reflect.java.lang.String'>: attribute lookup java.lang.String on jnius.reflect failed
2025-07-14 01:33:21,740 - ERROR - Error in batch processing: Can't pickle <class 'jnius.reflect.java.lang.String'>: attribute lookup java.lang.String on jnius.reflect failed
2025-07-14 01:33:21,750 - ERROR - Error in batch processing: Can't pickle <class 'jnius.reflect.java.lang.String'>: attribute lookup java.lang.String on jnius.reflect failed
2025-07-14 01:33:21,750 - ERROR - Error in batch processing: Can't pickle <class 'jnius.reflect.java.lang.String'>: attribute lookup java.lang.String on jnius.reflect failed
2025-07-14 01:33:21,757 - ERROR - Error in batch processing: Can't pickle <class 'jnius.reflect.java.lang.String'>: attribute lookup java.lang.String on jnius.reflect failed
2025-07-14 01:33:21,758 - ERROR - Error in batch processing: Can't pickle <class 'jnius.reflect.java.lang.String'>: attribute lookup java.lang.String on jnius.reflect failed
2025-07-14 01:33:21,780 - ERROR - Error in batch processing: Can't pickle <class 'jnius.reflect.java.lang.String'>: attribute lookup java.lang.String on jnius.reflect failed
2025-07-14 01:33:21,780 - ERROR - Error in batch processing: Can't pickle <class 'jnius.reflect.java.lang.String'>: attribute lookup java.lang.String on jnius.reflect failed
2025-07-14 01:33:21,780 - ERROR - Error in batch processing: Can't pickle <class 'jnius.reflect.java.lang.String'>: attribute lookup java.lang.String on jnius.reflect failed
2025-07-14 01:33:21,801 - ERROR - Error in batch processing: Can't pickle <class 'jnius.reflect.java.lang.String'>: attribute lookup java.lang.String on jnius.reflect failed
2025-07-14 01:33:21,801 - ERROR - Error in batch processing: Can't pickle <class 'jnius.reflect.java.lang.String'>: attribute lookup java.lang.String on jnius.reflect failed
2025-07-14 01:33:21,807 - ERROR - Error in batch processing: Can't pickle <class 'jnius.reflect.java.lang.String'>: attribute lookup java.lang.String on jnius.reflect failed
2025-07-14 01:33:21,807 - ERROR - Error in batch processing: Can't pickle <class 'jnius.reflect.java.lang.String'>: attribute lookup java.lang.String on jnius.reflect failed
2025-07-14 01:33:21,811 - ERROR - Error in batch processing: Can't pickle <class 'jnius.reflect.java.lang.String'>: attribute lookup java.lang.String on jnius.reflect failed
2025-07-14 01:33:21,819 - ERROR - Error in batch processing: Can't pickle <class 'jnius.reflect.java.lang.String'>: attribute lookup java.lang.String on jnius.reflect failed
2025-07-14 01:33:21,819 - ERROR - Error in batch processing: Can't pickle <class 'jnius.reflect.java.lang.String'>: attribute lookup java.lang.String on jnius.reflect failed
2025-07-14 01:33:21,819 - ERROR - Error in batch processing: Can't pickle <class 'jnius.reflect.java.lang.String'>: attribute lookup java.lang.String on jnius.reflect failed
2025-07-14 01:33:21,819 - ERROR - Error in batch processing: Can't pickle <class 'jnius.reflect.java.lang.String'>: attribute lookup java.lang.String on jnius.reflect failed
2025-07-14 01:33:21,828 - ERROR - Error in batch processing: Can't pickle <class 'jnius.reflect.java.lang.String'>: attribute lookup java.lang.String on jnius.reflect failed
2025-07-14 01:33:21,828 - ERROR - Error in batch processing: Can't pickle <class 'jnius.reflect.java.lang.String'>: attribute lookup java.lang.String on jnius.reflect failed
2025-07-14 01:33:21,851 - ERROR - Error in batch processing: Can't pickle <class 'jnius.reflect.java.lang.String'>: attribute lookup java.lang.String on jnius.reflect failed
2025-07-14 01:33:21,851 - ERROR - Error in batch processing: Can't pickle <class 'jnius.reflect.java.lang.String'>: attribute lookup java.lang.String on jnius.reflect failed
2025-07-14 01:33:21,869 - ERROR - Error in batch processing: Can't pickle <class 'jnius.reflect.java.lang.String'>: attribute lookup java.lang.String on jnius.reflect failed
2025-07-14 01:33:21,869 - ERROR - Error in batch processing: Can't pickle <class 'jnius.reflect.java.lang.String'>: attribute lookup java.lang.String on jnius.reflect failed
2025-07-14 01:33:21,876 - ERROR - Error in batch processing: Can't pickle <class 'jnius.reflect.java.lang.String'>: attribute lookup java.lang.String on jnius.reflect failed
2025-07-14 01:33:21,880 - ERROR - Error in batch processing: Can't pickle <class 'jnius.reflect.java.lang.String'>: attribute lookup java.lang.String on jnius.reflect failed
2025-07-14 01:33:21,881 - ERROR - Error in batch processing: Can't pickle <class 'jnius.reflect.java.lang.String'>: attribute lookup java.lang.String on jnius.reflect failed
2025-07-14 01:33:21,881 - ERROR - Error in batch processing: Can't pickle <class 'jnius.reflect.java.lang.String'>: attribute lookup java.lang.String on jnius.reflect failed
2025-07-14 01:33:21,889 - ERROR - Error in batch processing: Can't pickle <class 'jnius.reflect.java.lang.String'>: attribute lookup java.lang.String on jnius.reflect failed
2025-07-14 01:33:21,889 - ERROR - Error in batch processing: Can't pickle <class 'jnius.reflect.java.lang.String'>: attribute lookup java.lang.String on jnius.reflect failed
2025-07-14 01:33:21,903 - ERROR - Error in batch processing: Can't pickle <class 'jnius.reflect.java.lang.String'>: attribute lookup java.lang.String on jnius.reflect failed
2025-07-14 01:33:21,912 - ERROR - Error in batch processing: Can't pickle <class 'jnius.reflect.java.lang.String'>: attribute lookup java.lang.String on jnius.reflect failed
2025-07-14 01:33:21,912 - ERROR - Error in batch processing: Can't pickle <class 'jnius.reflect.java.lang.String'>: attribute lookup java.lang.String on jnius.reflect failed
2025-07-14 01:33:21,921 - ERROR - Error in batch processing: Can't pickle <class 'jnius.reflect.java.lang.String'>: attribute lookup java.lang.String on jnius.reflect failed
2025-07-14 01:33:21,921 - ERROR - Error in batch processing: Can't pickle <class 'jnius.reflect.java.lang.String'>: attribute lookup java.lang.String on jnius.reflect failed
2025-07-14 01:33:21,945 - ERROR - Error in batch processing: Can't pickle <class 'jnius.reflect.java.lang.String'>: attribute lookup java.lang.String on jnius.reflect failed
2025-07-14 01:33:21,946 - ERROR - Error in batch processing: Can't pickle <class 'jnius.reflect.java.lang.String'>: attribute lookup java.lang.String on jnius.reflect failed
2025-07-14 01:33:21,952 - ERROR - Error in batch processing: Can't pickle <class 'jnius.reflect.java.lang.String'>: attribute lookup java.lang.String on jnius.reflect failed
2025-07-14 01:33:21,977 - ERROR - Error in batch processing: Can't pickle <class 'jnius.reflect.java.lang.String'>: attribute lookup java.lang.String on jnius.reflect failed
2025-07-14 01:33:21,977 - ERROR - Error in batch processing: Can't pickle <class 'jnius.reflect.java.lang.String'>: attribute lookup java.lang.String on jnius.reflect failed
2025-07-14 01:33:21,977 - ERROR - Error in batch processing: Can't pickle <class 'jnius.reflect.java.lang.String'>: attribute lookup java.lang.String on jnius.reflect failed
2025-07-14 01:33:21,986 - ERROR - Error in batch processing: Can't pickle <class 'jnius.reflect.java.lang.String'>: attribute lookup java.lang.String on jnius.reflect failed
2025-07-14 01:33:21,987 - ERROR - Error in batch processing: Can't pickle <class 'jnius.reflect.java.lang.String'>: attribute lookup java.lang.String on jnius.reflect failed
2025-07-14 01:33:21,991 - ERROR - Error in batch processing: Can't pickle <class 'jnius.reflect.java.lang.String'>: attribute lookup java.lang.String on jnius.reflect failed
2025-07-14 01:33:21,991 - ERROR - Error in batch processing: Can't pickle <class 'jnius.reflect.java.lang.String'>: attribute lookup java.lang.String on jnius.reflect failed
2025-07-14 01:33:21,991 - ERROR - Error in batch processing: Can't pickle <class 'jnius.reflect.java.lang.String'>: attribute lookup java.lang.String on jnius.reflect failed
2025-07-14 01:33:21,998 - ERROR - Error in batch processing: Can't pickle <class 'jnius.reflect.java.lang.String'>: attribute lookup java.lang.String on jnius.reflect failed
2025-07-14 01:33:22,006 - ERROR - Error in batch processing: Can't pickle <class 'jnius.reflect.java.lang.String'>: attribute lookup java.lang.String on jnius.reflect failed
2025-07-14 01:33:22,006 - ERROR - Error in batch processing: Can't pickle <class 'jnius.reflect.java.lang.String'>: attribute lookup java.lang.String on jnius.reflect failed
2025-07-14 01:33:22,006 - ERROR - Error in batch processing: Can't pickle <class 'jnius.reflect.java.lang.String'>: attribute lookup java.lang.String on jnius.reflect failed
2025-07-14 01:33:22,025 - ERROR - Error in batch processing: Can't pickle <class 'jnius.reflect.java.lang.String'>: attribute lookup java.lang.String on jnius.reflect failed
2025-07-14 01:33:22,025 - ERROR - Error in batch processing: Can't pickle <class 'jnius.reflect.java.lang.String'>: attribute lookup java.lang.String on jnius.reflect failed
2025-07-14 01:33:22,025 - ERROR - Error in batch processing: Can't pickle <class 'jnius.reflect.java.lang.String'>: attribute lookup java.lang.String on jnius.reflect failed
2025-07-14 01:33:22,029 - ERROR - Error in batch processing: Can't pickle <class 'jnius.reflect.java.lang.String'>: attribute lookup java.lang.String on jnius.reflect failed
2025-07-14 01:33:22,029 - ERROR - Error in batch processing: Can't pickle <class 'jnius.reflect.java.lang.String'>: attribute lookup java.lang.String on jnius.reflect failed
2025-07-14 01:33:22,032 - ERROR - Error in batch processing: Can't pickle <class 'jnius.reflect.java.lang.String'>: attribute lookup java.lang.String on jnius.reflect failed
2025-07-14 01:33:22,056 - ERROR - Error in batch processing: Can't pickle <class 'jnius.reflect.java.lang.String'>: attribute lookup java.lang.String on jnius.reflect failed
2025-07-14 01:33:22,056 - ERROR - Error in batch processing: Can't pickle <class 'jnius.reflect.java.lang.String'>: attribute lookup java.lang.String on jnius.reflect failed
2025-07-14 01:33:22,063 - ERROR - Error in batch processing: Can't pickle <class 'jnius.reflect.java.lang.String'>: attribute lookup java.lang.String on jnius.reflect failed
2025-07-14 01:33:22,075 - ERROR - Error in batch processing: Can't pickle <class 'jnius.reflect.java.lang.String'>: attribute lookup java.lang.String on jnius.reflect failed
2025-07-14 01:33:22,075 - ERROR - Error in batch processing: Can't pickle <class 'jnius.reflect.java.lang.String'>: attribute lookup java.lang.String on jnius.reflect failed
2025-07-14 01:33:22,075 - ERROR - Error in batch processing: Can't pickle <class 'jnius.reflect.java.lang.String'>: attribute lookup java.lang.String on jnius.reflect failed
2025-07-14 01:33:22,099 - ERROR - Error in batch processing: Can't pickle <class 'jnius.reflect.java.lang.String'>: attribute lookup java.lang.String on jnius.reflect failed
2025-07-14 01:33:22,099 - ERROR - Error in batch processing: Can't pickle <class 'jnius.reflect.java.lang.String'>: attribute lookup java.lang.String on jnius.reflect failed
2025-07-14 01:33:22,108 - ERROR - Error in batch processing: Can't pickle <class 'jnius.reflect.java.lang.String'>: attribute lookup java.lang.String on jnius.reflect failed
2025-07-14 01:33:22,114 - ERROR - Error in batch processing: Can't pickle <class 'jnius.reflect.java.lang.String'>: attribute lookup java.lang.String on jnius.reflect failed
2025-07-14 01:33:22,125 - ERROR - Error in batch processing: Can't pickle <class 'jnius.reflect.java.lang.String'>: attribute lookup java.lang.String on jnius.reflect failed
2025-07-14 01:33:22,130 - ERROR - Error in batch processing: Can't pickle <class 'jnius.reflect.java.lang.String'>: attribute lookup java.lang.String on jnius.reflect failed
2025-07-14 01:33:22,136 - ERROR - Error in batch processing: Can't pickle <class 'jnius.reflect.java.lang.String'>: attribute lookup java.lang.String on jnius.reflect failed
2025-07-14 01:33:22,137 - ERROR - Error in batch processing: Can't pickle <class 'jnius.reflect.java.lang.String'>: attribute lookup java.lang.String on jnius.reflect failed
2025-07-14 01:33:22,146 - ERROR - Error in batch processing: Can't pickle <class 'jnius.reflect.java.lang.String'>: attribute lookup java.lang.String on jnius.reflect failed
2025-07-14 01:33:22,146 - ERROR - Error in batch processing: Can't pickle <class 'jnius.reflect.java.lang.String'>: attribute lookup java.lang.String on jnius.reflect failed
2025-07-14 01:33:22,169 - ERROR - Error in batch processing: Can't pickle <class 'jnius.reflect.java.lang.String'>: attribute lookup java.lang.String on jnius.reflect failed
2025-07-14 01:33:22,169 - ERROR - Error in batch processing: Can't pickle <class 'jnius.reflect.java.lang.String'>: attribute lookup java.lang.String on jnius.reflect failed
2025-07-14 01:33:22,178 - ERROR - Error in batch processing: Can't pickle <class 'jnius.reflect.java.lang.String'>: attribute lookup java.lang.String on jnius.reflect failed
2025-07-14 01:33:22,178 - ERROR - Error in batch processing: Can't pickle <class 'jnius.reflect.java.lang.String'>: attribute lookup java.lang.String on jnius.reflect failed
2025-07-14 01:33:22,187 - ERROR - Error in batch processing: Can't pickle <class 'jnius.reflect.java.lang.String'>: attribute lookup java.lang.String on jnius.reflect failed
2025-07-14 01:33:22,187 - ERROR - Error in batch processing: Can't pickle <class 'jnius.reflect.java.lang.String'>: attribute lookup java.lang.String on jnius.reflect failed
2025-07-14 01:33:22,194 - ERROR - Error in batch processing: Can't pickle <class 'jnius.reflect.java.lang.String'>: attribute lookup java.lang.String on jnius.reflect failed
2025-07-14 01:33:22,194 - ERROR - Error in batch processing: Can't pickle <class 'jnius.reflect.java.lang.String'>: attribute lookup java.lang.String on jnius.reflect failed
2025-07-14 01:33:22,200 - ERROR - Error in batch processing: Can't pickle <class 'jnius.reflect.java.lang.String'>: attribute lookup java.lang.String on jnius.reflect failed
2025-07-14 01:33:22,200 - ERROR - Error in batch processing: Can't pickle <class 'jnius.reflect.java.lang.String'>: attribute lookup java.lang.String on jnius.reflect failed
2025-07-14 01:33:22,204 - ERROR - Error in batch processing: Can't pickle <class 'jnius.reflect.java.lang.String'>: attribute lookup java.lang.String on jnius.reflect failed
2025-07-14 01:33:22,204 - ERROR - Error in batch processing: Can't pickle <class 'jnius.reflect.java.lang.String'>: attribute lookup java.lang.String on jnius.reflect failed
2025-07-14 01:33:22,228 - ERROR - Error in batch processing: Can't pickle <class 'jnius.reflect.java.lang.String'>: attribute lookup java.lang.String on jnius.reflect failed
2025-07-14 01:33:22,239 - ERROR - Error in batch processing: Can't pickle <class 'jnius.reflect.java.lang.String'>: attribute lookup java.lang.String on jnius.reflect failed
2025-07-14 01:33:22,272 - ERROR - Error in batch processing: Can't pickle <class 'jnius.reflect.java.lang.String'>: attribute lookup java.lang.String on jnius.reflect failed
2025-07-14 01:33:22,272 - ERROR - Error in batch processing: Can't pickle <class 'jnius.reflect.java.lang.String'>: attribute lookup java.lang.String on jnius.reflect failed
2025-07-14 01:33:22,283 - ERROR - Error in batch processing: Can't pickle <class 'jnius.reflect.java.lang.String'>: attribute lookup java.lang.String on jnius.reflect failed
2025-07-14 01:33:22,283 - ERROR - Error in batch processing: Can't pickle <class 'jnius.reflect.java.lang.String'>: attribute lookup java.lang.String on jnius.reflect failed
2025-07-14 01:33:22,299 - ERROR - Error in batch processing: Can't pickle <class 'jnius.reflect.java.lang.String'>: attribute lookup java.lang.String on jnius.reflect failed
2025-07-14 01:33:22,319 - ERROR - Error in batch processing: Can't pickle <class 'jnius.reflect.java.lang.String'>: attribute lookup java.lang.String on jnius.reflect failed
2025-07-14 01:33:22,319 - ERROR - Error in batch processing: Can't pickle <class 'jnius.reflect.java.lang.String'>: attribute lookup java.lang.String on jnius.reflect failed
2025-07-14 01:33:22,334 - ERROR - Error in batch processing: Can't pickle <class 'jnius.reflect.java.lang.String'>: attribute lookup java.lang.String on jnius.reflect failed
2025-07-14 01:33:22,334 - ERROR - Error in batch processing: Can't pickle <class 'jnius.reflect.java.lang.String'>: attribute lookup java.lang.String on jnius.reflect failed
2025-07-14 01:33:22,360 - ERROR - Error in batch processing: Can't pickle <class 'jnius.reflect.java.lang.String'>: attribute lookup java.lang.String on jnius.reflect failed
2025-07-14 01:33:22,360 - ERROR - Error in batch processing: Can't pickle <class 'jnius.reflect.java.lang.String'>: attribute lookup java.lang.String on jnius.reflect failed
2025-07-14 01:33:22,377 - ERROR - Error in batch processing: Can't pickle <class 'jnius.reflect.java.lang.String'>: attribute lookup java.lang.String on jnius.reflect failed
2025-07-14 01:33:22,377 - ERROR - Error in batch processing: Can't pickle <class 'jnius.reflect.java.lang.String'>: attribute lookup java.lang.String on jnius.reflect failed
2025-07-14 01:33:22,402 - ERROR - Error in batch processing: Can't pickle <class 'jnius.reflect.java.lang.String'>: attribute lookup java.lang.String on jnius.reflect failed
2025-07-14 01:33:22,424 - ERROR - Error in batch processing: Can't pickle <class 'jnius.reflect.java.lang.String'>: attribute lookup java.lang.String on jnius.reflect failed
2025-07-14 01:33:22,424 - ERROR - Error in batch processing: Can't pickle <class 'jnius.reflect.java.lang.String'>: attribute lookup java.lang.String on jnius.reflect failed
2025-07-14 01:33:22,438 - ERROR - Error in batch processing: Can't pickle <class 'jnius.reflect.java.lang.String'>: attribute lookup java.lang.String on jnius.reflect failed
2025-07-14 01:33:22,439 - ERROR - Error in batch processing: Can't pickle <class 'jnius.reflect.java.lang.String'>: attribute lookup java.lang.String on jnius.reflect failed
2025-07-14 01:33:22,457 - ERROR - Error in batch processing: Can't pickle <class 'jnius.reflect.java.lang.String'>: attribute lookup java.lang.String on jnius.reflect failed
2025-07-14 01:33:22,474 - ERROR - Error in batch processing: Can't pickle <class 'jnius.reflect.java.lang.String'>: attribute lookup java.lang.String on jnius.reflect failed
2025-07-14 01:33:22,474 - ERROR - Error in batch processing: Can't pickle <class 'jnius.reflect.java.lang.String'>: attribute lookup java.lang.String on jnius.reflect failed
2025-07-14 01:33:22,487 - ERROR - Error in batch processing: Can't pickle <class 'jnius.reflect.java.lang.String'>: attribute lookup java.lang.String on jnius.reflect failed
2025-07-14 01:33:22,487 - ERROR - Error in batch processing: Can't pickle <class 'jnius.reflect.java.lang.String'>: attribute lookup java.lang.String on jnius.reflect failed
2025-07-14 01:33:22,492 - ERROR - Error in batch processing: Can't pickle <class 'jnius.reflect.java.lang.String'>: attribute lookup java.lang.String on jnius.reflect failed
2025-07-14 01:33:22,492 - ERROR - Error in batch processing: Can't pickle <class 'jnius.reflect.java.lang.String'>: attribute lookup java.lang.String on jnius.reflect failed
2025-07-14 01:33:22,498 - ERROR - Error in batch processing: Can't pickle <class 'jnius.reflect.java.lang.String'>: attribute lookup java.lang.String on jnius.reflect failed
2025-07-14 01:33:22,498 - ERROR - Error in batch processing: Can't pickle <class 'jnius.reflect.java.lang.String'>: attribute lookup java.lang.String on jnius.reflect failed
2025-07-14 01:33:22,510 - ERROR - Error in batch processing: Can't pickle <class 'jnius.reflect.java.lang.String'>: attribute lookup java.lang.String on jnius.reflect failed
2025-07-14 01:33:22,510 - ERROR - Error in batch processing: Can't pickle <class 'jnius.reflect.java.lang.String'>: attribute lookup java.lang.String on jnius.reflect failed
2025-07-14 01:33:22,539 - ERROR - Error in batch processing: Can't pickle <class 'jnius.reflect.java.lang.String'>: attribute lookup java.lang.String on jnius.reflect failed
2025-07-14 01:33:22,539 - ERROR - Error in batch processing: Can't pickle <class 'jnius.reflect.java.lang.String'>: attribute lookup java.lang.String on jnius.reflect failed
2025-07-14 01:33:22,550 - ERROR - Error in batch processing: Can't pickle <class 'jnius.reflect.java.lang.String'>: attribute lookup java.lang.String on jnius.reflect failed
2025-07-14 01:33:22,550 - ERROR - Error in batch processing: Can't pickle <class 'jnius.reflect.java.lang.String'>: attribute lookup java.lang.String on jnius.reflect failed
2025-07-14 01:33:22,550 - ERROR - Error in batch processing: Can't pickle <class 'jnius.reflect.java.lang.String'>: attribute lookup java.lang.String on jnius.reflect failed
2025-07-14 01:33:22,559 - ERROR - Error in batch processing: Can't pickle <class 'jnius.reflect.java.lang.String'>: attribute lookup java.lang.String on jnius.reflect failed
2025-07-14 01:33:22,569 - ERROR - Error in batch processing: Can't pickle <class 'jnius.reflect.java.lang.String'>: attribute lookup java.lang.String on jnius.reflect failed
2025-07-14 01:33:22,577 - ERROR - Error in batch processing: Can't pickle <class 'jnius.reflect.java.lang.String'>: attribute lookup java.lang.String on jnius.reflect failed
2025-07-14 01:33:22,577 - ERROR - Error in batch processing: Can't pickle <class 'jnius.reflect.java.lang.String'>: attribute lookup java.lang.String on jnius.reflect failed
2025-07-14 01:33:22,582 - ERROR - Error in batch processing: Can't pickle <class 'jnius.reflect.java.lang.String'>: attribute lookup java.lang.String on jnius.reflect failed
2025-07-14 01:33:22,590 - ERROR - Error in batch processing: Can't pickle <class 'jnius.reflect.java.lang.String'>: attribute lookup java.lang.String on jnius.reflect failed
2025-07-14 01:33:22,590 - ERROR - Error in batch processing: Can't pickle <class 'jnius.reflect.java.lang.String'>: attribute lookup java.lang.String on jnius.reflect failed
2025-07-14 01:33:22,600 - ERROR - Error in batch processing: Can't pickle <class 'jnius.reflect.java.lang.String'>: attribute lookup java.lang.String on jnius.reflect failed
2025-07-14 01:33:22,600 - ERROR - Error in batch processing: Can't pickle <class 'jnius.reflect.java.lang.String'>: attribute lookup java.lang.String on jnius.reflect failed
2025-07-14 01:33:22,606 - ERROR - Error in batch processing: Can't pickle <class 'jnius.reflect.java.lang.String'>: attribute lookup java.lang.String on jnius.reflect failed
2025-07-14 01:33:22,617 - ERROR - Error in batch processing: Can't pickle <class 'jnius.reflect.java.lang.String'>: attribute lookup java.lang.String on jnius.reflect failed
2025-07-14 01:33:22,626 - ERROR - Error in batch processing: Can't pickle <class 'jnius.reflect.java.lang.String'>: attribute lookup java.lang.String on jnius.reflect failed
2025-07-14 01:33:22,651 - ERROR - Error in batch processing: Can't pickle <class 'jnius.reflect.java.lang.String'>: attribute lookup java.lang.String on jnius.reflect failed
2025-07-14 01:33:22,675 - ERROR - Error in batch processing: Can't pickle <class 'jnius.reflect.java.lang.String'>: attribute lookup java.lang.String on jnius.reflect failed
2025-07-14 01:33:22,675 - ERROR - Error in batch processing: Can't pickle <class 'jnius.reflect.java.lang.String'>: attribute lookup java.lang.String on jnius.reflect failed
2025-07-14 01:33:22,698 - ERROR - Error in batch processing: Can't pickle <class 'jnius.reflect.java.lang.String'>: attribute lookup java.lang.String on jnius.reflect failed
2025-07-14 01:33:22,698 - ERROR - Error in batch processing: Can't pickle <class 'jnius.reflect.java.lang.String'>: attribute lookup java.lang.String on jnius.reflect failed
2025-07-14 01:33:22,710 - ERROR - Error in batch processing: Can't pickle <class 'jnius.reflect.java.lang.String'>: attribute lookup java.lang.String on jnius.reflect failed
2025-07-14 01:33:22,736 - ERROR - Error in batch processing: Can't pickle <class 'jnius.reflect.java.lang.String'>: attribute lookup java.lang.String on jnius.reflect failed
2025-07-14 01:33:22,737 - ERROR - Error in batch processing: Can't pickle <class 'jnius.reflect.java.lang.String'>: attribute lookup java.lang.String on jnius.reflect failed
2025-07-14 01:33:22,741 - ERROR - Error in batch processing: Can't pickle <class 'jnius.reflect.java.lang.String'>: attribute lookup java.lang.String on jnius.reflect failed
2025-07-14 01:33:22,741 - ERROR - Error in batch processing: Can't pickle <class 'jnius.reflect.java.lang.String'>: attribute lookup java.lang.String on jnius.reflect failed
2025-07-14 01:33:22,747 - ERROR - Error in batch processing: Can't pickle <class 'jnius.reflect.java.lang.String'>: attribute lookup java.lang.String on jnius.reflect failed
2025-07-14 01:33:22,747 - ERROR - Error in batch processing: Can't pickle <class 'jnius.reflect.java.lang.String'>: attribute lookup java.lang.String on jnius.reflect failed
2025-07-14 01:33:22,812 - ERROR - Error in batch processing: Can't pickle <class 'jnius.reflect.java.lang.String'>: attribute lookup java.lang.String on jnius.reflect failed
2025-07-14 01:33:22,820 - ERROR - Error in batch processing: Can't pickle <class 'jnius.reflect.java.lang.String'>: attribute lookup java.lang.String on jnius.reflect failed
2025-07-14 01:33:22,820 - ERROR - Error in batch processing: Can't pickle <class 'jnius.reflect.java.lang.String'>: attribute lookup java.lang.String on jnius.reflect failed
2025-07-14 01:33:22,840 - ERROR - Error in batch processing: Can't pickle <class 'jnius.reflect.java.lang.String'>: attribute lookup java.lang.String on jnius.reflect failed
2025-07-14 01:33:22,859 - ERROR - Error in batch processing: Can't pickle <class 'jnius.reflect.java.lang.String'>: attribute lookup java.lang.String on jnius.reflect failed
2025-07-14 01:33:22,859 - ERROR - Error in batch processing: Can't pickle <class 'jnius.reflect.java.lang.String'>: attribute lookup java.lang.String on jnius.reflect failed
2025-07-14 01:33:22,880 - ERROR - Error in batch processing: Can't pickle <class 'jnius.reflect.java.lang.String'>: attribute lookup java.lang.String on jnius.reflect failed
2025-07-14 01:33:22,880 - ERROR - Error in batch processing: Can't pickle <class 'jnius.reflect.java.lang.String'>: attribute lookup java.lang.String on jnius.reflect failed
2025-07-14 01:33:22,904 - ERROR - Error in batch processing: Can't pickle <class 'jnius.reflect.java.lang.String'>: attribute lookup java.lang.String on jnius.reflect failed
2025-07-14 01:33:22,905 - ERROR - Error in batch processing: Can't pickle <class 'jnius.reflect.java.lang.String'>: attribute lookup java.lang.String on jnius.reflect failed
2025-07-14 01:33:22,931 - ERROR - Error in batch processing: Can't pickle <class 'jnius.reflect.java.lang.String'>: attribute lookup java.lang.String on jnius.reflect failed
2025-07-14 01:33:22,931 - ERROR - Error in batch processing: Can't pickle <class 'jnius.reflect.java.lang.String'>: attribute lookup java.lang.String on jnius.reflect failed
2025-07-14 01:33:22,939 - ERROR - Error in batch processing: Can't pickle <class 'jnius.reflect.java.lang.String'>: attribute lookup java.lang.String on jnius.reflect failed
2025-07-14 01:33:22,939 - ERROR - Error in batch processing: Can't pickle <class 'jnius.reflect.java.lang.String'>: attribute lookup java.lang.String on jnius.reflect failed
2025-07-14 01:33:22,948 - ERROR - Error in batch processing: Can't pickle <class 'jnius.reflect.java.lang.String'>: attribute lookup java.lang.String on jnius.reflect failed
2025-07-14 01:33:22,983 - ERROR - Error in batch processing: Can't pickle <class 'jnius.reflect.java.lang.String'>: attribute lookup java.lang.String on jnius.reflect failed
2025-07-14 01:33:22,983 - ERROR - Error in batch processing: Can't pickle <class 'jnius.reflect.java.lang.String'>: attribute lookup java.lang.String on jnius.reflect failed
2025-07-14 01:33:23,010 - ERROR - Error in batch processing: Can't pickle <class 'jnius.reflect.java.lang.String'>: attribute lookup java.lang.String on jnius.reflect failed
2025-07-14 01:33:23,010 - ERROR - Error in batch processing: Can't pickle <class 'jnius.reflect.java.lang.String'>: attribute lookup java.lang.String on jnius.reflect failed
2025-07-14 01:33:23,022 - ERROR - Error in batch processing: Can't pickle <class 'jnius.reflect.java.lang.String'>: attribute lookup java.lang.String on jnius.reflect failed
2025-07-14 01:33:23,022 - ERROR - Error in batch processing: Can't pickle <class 'jnius.reflect.java.lang.String'>: attribute lookup java.lang.String on jnius.reflect failed
2025-07-14 01:33:23,033 - ERROR - Error in batch processing: Can't pickle <class 'jnius.reflect.java.lang.String'>: attribute lookup java.lang.String on jnius.reflect failed
2025-07-14 01:33:23,033 - ERROR - Error in batch processing: Can't pickle <class 'jnius.reflect.java.lang.String'>: attribute lookup java.lang.String on jnius.reflect failed
2025-07-14 01:33:23,042 - ERROR - Error in batch processing: Can't pickle <class 'jnius.reflect.java.lang.String'>: attribute lookup java.lang.String on jnius.reflect failed
2025-07-14 01:33:23,042 - ERROR - Error in batch processing: Can't pickle <class 'jnius.reflect.java.lang.String'>: attribute lookup java.lang.String on jnius.reflect failed
2025-07-14 01:33:23,063 - ERROR - Error in batch processing: Can't pickle <class 'jnius.reflect.java.lang.String'>: attribute lookup java.lang.String on jnius.reflect failed
2025-07-14 01:33:23,063 - ERROR - Error in batch processing: Can't pickle <class 'jnius.reflect.java.lang.String'>: attribute lookup java.lang.String on jnius.reflect failed
2025-07-14 01:33:23,074 - ERROR - Error in batch processing: Can't pickle <class 'jnius.reflect.java.lang.String'>: attribute lookup java.lang.String on jnius.reflect failed
2025-07-14 01:33:23,074 - ERROR - Error in batch processing: Can't pickle <class 'jnius.reflect.java.lang.String'>: attribute lookup java.lang.String on jnius.reflect failed
2025-07-14 01:33:23,081 - ERROR - Error in batch processing: Can't pickle <class 'jnius.reflect.java.lang.String'>: attribute lookup java.lang.String on jnius.reflect failed
2025-07-14 01:33:23,081 - ERROR - Error in batch processing: Can't pickle <class 'jnius.reflect.java.lang.String'>: attribute lookup java.lang.String on jnius.reflect failed
2025-07-14 01:33:23,097 - ERROR - Error in batch processing: Can't pickle <class 'jnius.reflect.java.lang.String'>: attribute lookup java.lang.String on jnius.reflect failed
2025-07-14 01:33:23,108 - ERROR - Error in batch processing: Can't pickle <class 'jnius.reflect.java.lang.String'>: attribute lookup java.lang.String on jnius.reflect failed
2025-07-14 01:33:23,123 - ERROR - Error in batch processing: Can't pickle <class 'jnius.reflect.java.lang.String'>: attribute lookup java.lang.String on jnius.reflect failed
2025-07-14 01:33:23,128 - ERROR - Error in batch processing: Can't pickle <class 'jnius.reflect.java.lang.String'>: attribute lookup java.lang.String on jnius.reflect failed
2025-07-14 01:33:23,128 - ERROR - Error in batch processing: Can't pickle <class 'jnius.reflect.java.lang.String'>: attribute lookup java.lang.String on jnius.reflect failed
2025-07-14 01:33:23,136 - ERROR - Error in batch processing: Can't pickle <class 'jnius.reflect.java.lang.String'>: attribute lookup java.lang.String on jnius.reflect failed
2025-07-14 01:33:23,136 - ERROR - Error in batch processing: Can't pickle <class 'jnius.reflect.java.lang.String'>: attribute lookup java.lang.String on jnius.reflect failed
2025-07-14 01:33:23,147 - ERROR - Error in batch processing: Can't pickle <class 'jnius.reflect.java.lang.String'>: attribute lookup java.lang.String on jnius.reflect failed
2025-07-14 01:33:23,148 - ERROR - Error in batch processing: Can't pickle <class 'jnius.reflect.java.lang.String'>: attribute lookup java.lang.String on jnius.reflect failed
2025-07-14 01:33:23,158 - ERROR - Error in batch processing: Can't pickle <class 'jnius.reflect.java.lang.String'>: attribute lookup java.lang.String on jnius.reflect failed
2025-07-14 01:33:23,158 - ERROR - Error in batch processing: Can't pickle <class 'jnius.reflect.java.lang.String'>: attribute lookup java.lang.String on jnius.reflect failed
2025-07-14 01:33:23,173 - ERROR - Error in batch processing: Can't pickle <class 'jnius.reflect.java.lang.String'>: attribute lookup java.lang.String on jnius.reflect failed
2025-07-14 01:33:23,174 - ERROR - Error in batch processing: Can't pickle <class 'jnius.reflect.java.lang.String'>: attribute lookup java.lang.String on jnius.reflect failed
2025-07-14 01:33:23,179 - ERROR - Error in batch processing: Can't pickle <class 'jnius.reflect.java.lang.String'>: attribute lookup java.lang.String on jnius.reflect failed
2025-07-14 01:33:23,179 - ERROR - Error in batch processing: Can't pickle <class 'jnius.reflect.java.lang.String'>: attribute lookup java.lang.String on jnius.reflect failed
2025-07-14 01:33:23,192 - ERROR - Error in batch processing: Can't pickle <class 'jnius.reflect.java.lang.String'>: attribute lookup java.lang.String on jnius.reflect failed
2025-07-14 01:33:23,198 - ERROR - Error in batch processing: Can't pickle <class 'jnius.reflect.java.lang.String'>: attribute lookup java.lang.String on jnius.reflect failed
2025-07-14 01:33:23,199 - ERROR - Error in batch processing: Can't pickle <class 'jnius.reflect.java.lang.String'>: attribute lookup java.lang.String on jnius.reflect failed
2025-07-14 01:33:23,213 - ERROR - Error in batch processing: Can't pickle <class 'jnius.reflect.java.lang.String'>: attribute lookup java.lang.String on jnius.reflect failed
2025-07-14 01:33:23,213 - ERROR - Error in batch processing: Can't pickle <class 'jnius.reflect.java.lang.String'>: attribute lookup java.lang.String on jnius.reflect failed
2025-07-14 01:33:23,227 - ERROR - Error in batch processing: Can't pickle <class 'jnius.reflect.java.lang.String'>: attribute lookup java.lang.String on jnius.reflect failed
2025-07-14 01:33:23,227 - ERROR - Error in batch processing: Can't pickle <class 'jnius.reflect.java.lang.String'>: attribute lookup java.lang.String on jnius.reflect failed
2025-07-14 01:33:23,248 - ERROR - Error in batch processing: Can't pickle <class 'jnius.reflect.java.lang.String'>: attribute lookup java.lang.String on jnius.reflect failed
2025-07-14 01:33:23,248 - ERROR - Error in batch processing: Can't pickle <class 'jnius.reflect.java.lang.String'>: attribute lookup java.lang.String on jnius.reflect failed
2025-07-14 01:33:23,275 - ERROR - Error in batch processing: Can't pickle <class 'jnius.reflect.java.lang.String'>: attribute lookup java.lang.String on jnius.reflect failed
2025-07-14 01:33:23,275 - ERROR - Error in batch processing: Can't pickle <class 'jnius.reflect.java.lang.String'>: attribute lookup java.lang.String on jnius.reflect failed
2025-07-14 01:33:23,294 - ERROR - Error in batch processing: Can't pickle <class 'jnius.reflect.java.lang.String'>: attribute lookup java.lang.String on jnius.reflect failed
2025-07-14 01:33:23,294 - ERROR - Error in batch processing: Can't pickle <class 'jnius.reflect.java.lang.String'>: attribute lookup java.lang.String on jnius.reflect failed
2025-07-14 01:33:23,303 - ERROR - Error in batch processing: Can't pickle <class 'jnius.reflect.java.lang.String'>: attribute lookup java.lang.String on jnius.reflect failed
2025-07-14 01:33:23,303 - ERROR - Error in batch processing: Can't pickle <class 'jnius.reflect.java.lang.String'>: attribute lookup java.lang.String on jnius.reflect failed
2025-07-14 01:33:23,314 - ERROR - Error in batch processing: Can't pickle <class 'jnius.reflect.java.lang.String'>: attribute lookup java.lang.String on jnius.reflect failed
2025-07-14 01:33:23,314 - ERROR - Error in batch processing: Can't pickle <class 'jnius.reflect.java.lang.String'>: attribute lookup java.lang.String on jnius.reflect failed
2025-07-14 01:33:23,325 - ERROR - Error in batch processing: Can't pickle <class 'jnius.reflect.java.lang.String'>: attribute lookup java.lang.String on jnius.reflect failed
2025-07-14 01:33:23,325 - ERROR - Error in batch processing: Can't pickle <class 'jnius.reflect.java.lang.String'>: attribute lookup java.lang.String on jnius.reflect failed
2025-07-14 01:33:23,325 - ERROR - Error in batch processing: Can't pickle <class 'jnius.reflect.java.lang.String'>: attribute lookup java.lang.String on jnius.reflect failed
2025-07-14 01:33:23,330 - ERROR - Error in batch processing: Can't pickle <class 'jnius.reflect.java.lang.String'>: attribute lookup java.lang.String on jnius.reflect failed
2025-07-14 01:33:23,331 - ERROR - Error in batch processing: Can't pickle <class 'jnius.reflect.java.lang.String'>: attribute lookup java.lang.String on jnius.reflect failed
2025-07-14 01:33:23,337 - ERROR - Error in batch processing: Can't pickle <class 'jnius.reflect.java.lang.String'>: attribute lookup java.lang.String on jnius.reflect failed
2025-07-14 01:33:23,353 - ERROR - Error in batch processing: Can't pickle <class 'jnius.reflect.java.lang.String'>: attribute lookup java.lang.String on jnius.reflect failed
2025-07-14 01:33:23,353 - ERROR - Error in batch processing: Can't pickle <class 'jnius.reflect.java.lang.String'>: attribute lookup java.lang.String on jnius.reflect failed
2025-07-14 01:33:23,358 - ERROR - Error in batch processing: Can't pickle <class 'jnius.reflect.java.lang.String'>: attribute lookup java.lang.String on jnius.reflect failed
2025-07-14 01:33:23,358 - ERROR - Error in batch processing: Can't pickle <class 'jnius.reflect.java.lang.String'>: attribute lookup java.lang.String on jnius.reflect failed
2025-07-14 01:33:23,368 - ERROR - Error in batch processing: Can't pickle <class 'jnius.reflect.java.lang.String'>: attribute lookup java.lang.String on jnius.reflect failed
2025-07-14 01:33:23,368 - ERROR - Error in batch processing: Can't pickle <class 'jnius.reflect.java.lang.String'>: attribute lookup java.lang.String on jnius.reflect failed
2025-07-14 01:33:23,392 - ERROR - Error in batch processing: Can't pickle <class 'jnius.reflect.java.lang.String'>: attribute lookup java.lang.String on jnius.reflect failed
2025-07-14 01:33:23,393 - ERROR - Error in batch processing: Can't pickle <class 'jnius.reflect.java.lang.String'>: attribute lookup java.lang.String on jnius.reflect failed
2025-07-14 01:33:23,418 - ERROR - Error in batch processing: Can't pickle <class 'jnius.reflect.java.lang.String'>: attribute lookup java.lang.String on jnius.reflect failed
2025-07-14 01:33:23,429 - ERROR - Error in batch processing: Can't pickle <class 'jnius.reflect.java.lang.String'>: attribute lookup java.lang.String on jnius.reflect failed
2025-07-14 01:33:23,429 - ERROR - Error in batch processing: Can't pickle <class 'jnius.reflect.java.lang.String'>: attribute lookup java.lang.String on jnius.reflect failed
2025-07-14 01:33:23,458 - ERROR - Error in batch processing: Can't pickle <class 'jnius.reflect.java.lang.String'>: attribute lookup java.lang.String on jnius.reflect failed
2025-07-14 01:33:23,459 - ERROR - Error in batch processing: Can't pickle <class 'jnius.reflect.java.lang.String'>: attribute lookup java.lang.String on jnius.reflect failed
2025-07-14 01:33:23,459 - ERROR - Error in batch processing: Can't pickle <class 'jnius.reflect.java.lang.String'>: attribute lookup java.lang.String on jnius.reflect failed
2025-07-14 01:33:23,465 - ERROR - Error in batch processing: Can't pickle <class 'jnius.reflect.java.lang.String'>: attribute lookup java.lang.String on jnius.reflect failed
2025-07-14 01:33:23,465 - ERROR - Error in batch processing: Can't pickle <class 'jnius.reflect.java.lang.String'>: attribute lookup java.lang.String on jnius.reflect failed
2025-07-14 01:33:23,471 - ERROR - Error in batch processing: Can't pickle <class 'jnius.reflect.java.lang.String'>: attribute lookup java.lang.String on jnius.reflect failed
2025-07-14 01:33:23,483 - ERROR - Error in batch processing: Can't pickle <class 'jnius.reflect.java.lang.String'>: attribute lookup java.lang.String on jnius.reflect failed
2025-07-14 01:33:23,487 - ERROR - Error in batch processing: Can't pickle <class 'jnius.reflect.java.lang.String'>: attribute lookup java.lang.String on jnius.reflect failed
2025-07-14 01:33:23,487 - ERROR - Error in batch processing: Can't pickle <class 'jnius.reflect.java.lang.String'>: attribute lookup java.lang.String on jnius.reflect failed
2025-07-14 01:33:23,493 - ERROR - Error in batch processing: Can't pickle <class 'jnius.reflect.java.lang.String'>: attribute lookup java.lang.String on jnius.reflect failed
2025-07-14 01:33:23,493 - ERROR - Error in batch processing: Can't pickle <class 'jnius.reflect.java.lang.String'>: attribute lookup java.lang.String on jnius.reflect failed
2025-07-14 01:33:23,510 - ERROR - Error in batch processing: Can't pickle <class 'jnius.reflect.java.lang.String'>: attribute lookup java.lang.String on jnius.reflect failed
2025-07-14 01:33:23,510 - ERROR - Error in batch processing: Can't pickle <class 'jnius.reflect.java.lang.String'>: attribute lookup java.lang.String on jnius.reflect failed
2025-07-14 01:33:23,518 - ERROR - Error in batch processing: Can't pickle <class 'jnius.reflect.java.lang.String'>: attribute lookup java.lang.String on jnius.reflect failed
2025-07-14 01:33:23,529 - ERROR - Error in batch processing: Can't pickle <class 'jnius.reflect.java.lang.String'>: attribute lookup java.lang.String on jnius.reflect failed
2025-07-14 01:33:23,529 - ERROR - Error in batch processing: Can't pickle <class 'jnius.reflect.java.lang.String'>: attribute lookup java.lang.String on jnius.reflect failed
2025-07-14 01:33:23,544 - ERROR - Error in batch processing: Can't pickle <class 'jnius.reflect.java.lang.String'>: attribute lookup java.lang.String on jnius.reflect failed
2025-07-14 01:33:23,544 - ERROR - Error in batch processing: Can't pickle <class 'jnius.reflect.java.lang.String'>: attribute lookup java.lang.String on jnius.reflect failed
2025-07-14 01:33:23,554 - ERROR - Error in batch processing: Can't pickle <class 'jnius.reflect.java.lang.String'>: attribute lookup java.lang.String on jnius.reflect failed
2025-07-14 01:33:23,554 - ERROR - Error in batch processing: Can't pickle <class 'jnius.reflect.java.lang.String'>: attribute lookup java.lang.String on jnius.reflect failed
2025-07-14 01:33:23,573 - ERROR - Error in batch processing: Can't pickle <class 'jnius.reflect.java.lang.String'>: attribute lookup java.lang.String on jnius.reflect failed
2025-07-14 01:33:23,573 - ERROR - Error in batch processing: Can't pickle <class 'jnius.reflect.java.lang.String'>: attribute lookup java.lang.String on jnius.reflect failed
2025-07-14 01:33:23,584 - ERROR - Error in batch processing: Can't pickle <class 'jnius.reflect.java.lang.String'>: attribute lookup java.lang.String on jnius.reflect failed
2025-07-14 01:33:23,584 - ERROR - Error in batch processing: Can't pickle <class 'jnius.reflect.java.lang.String'>: attribute lookup java.lang.String on jnius.reflect failed
2025-07-14 01:33:23,596 - ERROR - Error in batch processing: Can't pickle <class 'jnius.reflect.java.lang.String'>: attribute lookup java.lang.String on jnius.reflect failed
2025-07-14 01:33:23,611 - ERROR - Error in batch processing: Can't pickle <class 'jnius.reflect.java.lang.String'>: attribute lookup java.lang.String on jnius.reflect failed
2025-07-14 01:33:23,611 - ERROR - Error in batch processing: Can't pickle <class 'jnius.reflect.java.lang.String'>: attribute lookup java.lang.String on jnius.reflect failed
2025-07-14 01:33:23,625 - ERROR - Error in batch processing: Can't pickle <class 'jnius.reflect.java.lang.String'>: attribute lookup java.lang.String on jnius.reflect failed
2025-07-14 01:33:23,625 - ERROR - Error in batch processing: Can't pickle <class 'jnius.reflect.java.lang.String'>: attribute lookup java.lang.String on jnius.reflect failed
2025-07-14 01:33:23,643 - ERROR - Error in batch processing: Can't pickle <class 'jnius.reflect.java.lang.String'>: attribute lookup java.lang.String on jnius.reflect failed
2025-07-14 01:33:23,644 - ERROR - Error in batch processing: Can't pickle <class 'jnius.reflect.java.lang.String'>: attribute lookup java.lang.String on jnius.reflect failed
2025-07-14 01:33:23,659 - ERROR - Error in batch processing: Can't pickle <class 'jnius.reflect.java.lang.String'>: attribute lookup java.lang.String on jnius.reflect failed
2025-07-14 01:33:23,659 - ERROR - Error in batch processing: Can't pickle <class 'jnius.reflect.java.lang.String'>: attribute lookup java.lang.String on jnius.reflect failed
2025-07-14 01:33:23,659 - ERROR - Error in batch processing: Can't pickle <class 'jnius.reflect.java.lang.String'>: attribute lookup java.lang.String on jnius.reflect failed
2025-07-14 01:33:23,669 - ERROR - Error in batch processing: Can't pickle <class 'jnius.reflect.java.lang.String'>: attribute lookup java.lang.String on jnius.reflect failed
2025-07-14 01:33:23,669 - ERROR - Error in batch processing: Can't pickle <class 'jnius.reflect.java.lang.String'>: attribute lookup java.lang.String on jnius.reflect failed
2025-07-14 01:33:23,677 - ERROR - Error in batch processing: Can't pickle <class 'jnius.reflect.java.lang.String'>: attribute lookup java.lang.String on jnius.reflect failed
2025-07-14 01:33:23,677 - ERROR - Error in batch processing: Can't pickle <class 'jnius.reflect.java.lang.String'>: attribute lookup java.lang.String on jnius.reflect failed
2025-07-14 01:33:23,677 - ERROR - Error in batch processing: Can't pickle <class 'jnius.reflect.java.lang.String'>: attribute lookup java.lang.String on jnius.reflect failed
2025-07-14 01:33:23,684 - ERROR - Error in batch processing: Can't pickle <class 'jnius.reflect.java.lang.String'>: attribute lookup java.lang.String on jnius.reflect failed
2025-07-14 01:33:23,694 - ERROR - Error in batch processing: Can't pickle <class 'jnius.reflect.java.lang.String'>: attribute lookup java.lang.String on jnius.reflect failed
2025-07-14 01:33:23,694 - ERROR - Error in batch processing: Can't pickle <class 'jnius.reflect.java.lang.String'>: attribute lookup java.lang.String on jnius.reflect failed
2025-07-14 01:33:23,694 - ERROR - Error in batch processing: Can't pickle <class 'jnius.reflect.java.lang.String'>: attribute lookup java.lang.String on jnius.reflect failed
2025-07-14 01:33:23,694 - ERROR - Error in batch processing: Can't pickle <class 'jnius.reflect.java.lang.String'>: attribute lookup java.lang.String on jnius.reflect failed
2025-07-14 01:33:23,724 - ERROR - Error in batch processing: Can't pickle <class 'jnius.reflect.java.lang.String'>: attribute lookup java.lang.String on jnius.reflect failed
2025-07-14 01:33:23,725 - ERROR - Error in batch processing: Can't pickle <class 'jnius.reflect.java.lang.String'>: attribute lookup java.lang.String on jnius.reflect failed
2025-07-14 01:33:23,730 - ERROR - Error in batch processing: Can't pickle <class 'jnius.reflect.java.lang.String'>: attribute lookup java.lang.String on jnius.reflect failed
2025-07-14 01:33:23,730 - ERROR - Error in batch processing: Can't pickle <class 'jnius.reflect.java.lang.String'>: attribute lookup java.lang.String on jnius.reflect failed
2025-07-14 01:33:23,737 - ERROR - Error in batch processing: Can't pickle <class 'jnius.reflect.java.lang.String'>: attribute lookup java.lang.String on jnius.reflect failed
2025-07-14 01:33:23,737 - ERROR - Error in batch processing: Can't pickle <class 'jnius.reflect.java.lang.String'>: attribute lookup java.lang.String on jnius.reflect failed
2025-07-14 01:33:23,737 - ERROR - Error in batch processing: Can't pickle <class 'jnius.reflect.java.lang.String'>: attribute lookup java.lang.String on jnius.reflect failed
2025-07-14 01:33:23,749 - ERROR - Error in batch processing: Can't pickle <class 'jnius.reflect.java.lang.String'>: attribute lookup java.lang.String on jnius.reflect failed
2025-07-14 01:33:23,749 - ERROR - Error in batch processing: Can't pickle <class 'jnius.reflect.java.lang.String'>: attribute lookup java.lang.String on jnius.reflect failed
2025-07-14 01:33:23,763 - ERROR - Error in batch processing: Can't pickle <class 'jnius.reflect.java.lang.String'>: attribute lookup java.lang.String on jnius.reflect failed
2025-07-14 01:33:23,771 - ERROR - Error in batch processing: Can't pickle <class 'jnius.reflect.java.lang.String'>: attribute lookup java.lang.String on jnius.reflect failed
2025-07-14 01:33:23,786 - ERROR - Error in batch processing: Can't pickle <class 'jnius.reflect.java.lang.String'>: attribute lookup java.lang.String on jnius.reflect failed
2025-07-14 01:33:23,807 - ERROR - Error in batch processing: Can't pickle <class 'jnius.reflect.java.lang.String'>: attribute lookup java.lang.String on jnius.reflect failed
2025-07-14 01:33:23,827 - ERROR - Error in batch processing: Can't pickle <class 'jnius.reflect.java.lang.String'>: attribute lookup java.lang.String on jnius.reflect failed
2025-07-14 01:33:23,846 - ERROR - Error in batch processing: Can't pickle <class 'jnius.reflect.java.lang.String'>: attribute lookup java.lang.String on jnius.reflect failed
2025-07-14 01:33:23,854 - ERROR - Error in batch processing: Can't pickle <class 'jnius.reflect.java.lang.String'>: attribute lookup java.lang.String on jnius.reflect failed
2025-07-14 01:33:23,864 - ERROR - Error in batch processing: Can't pickle <class 'jnius.reflect.java.lang.String'>: attribute lookup java.lang.String on jnius.reflect failed
2025-07-14 01:33:23,875 - ERROR - Error in batch processing: Can't pickle <class 'jnius.reflect.java.lang.String'>: attribute lookup java.lang.String on jnius.reflect failed
2025-07-14 01:33:23,905 - ERROR - Error in batch processing: Can't pickle <class 'jnius.reflect.java.lang.String'>: attribute lookup java.lang.String on jnius.reflect failed
2025-07-14 01:33:23,905 - ERROR - Error in batch processing: Can't pickle <class 'jnius.reflect.java.lang.String'>: attribute lookup java.lang.String on jnius.reflect failed
2025-07-14 01:33:23,922 - ERROR - Error in batch processing: Can't pickle <class 'jnius.reflect.java.lang.String'>: attribute lookup java.lang.String on jnius.reflect failed
2025-07-14 01:33:23,922 - ERROR - Error in batch processing: Can't pickle <class 'jnius.reflect.java.lang.String'>: attribute lookup java.lang.String on jnius.reflect failed
2025-07-14 01:33:23,933 - ERROR - Error in batch processing: Can't pickle <class 'jnius.reflect.java.lang.String'>: attribute lookup java.lang.String on jnius.reflect failed
2025-07-14 01:33:23,933 - ERROR - Error in batch processing: Can't pickle <class 'jnius.reflect.java.lang.String'>: attribute lookup java.lang.String on jnius.reflect failed
2025-07-14 01:33:23,959 - ERROR - Error in batch processing: Can't pickle <class 'jnius.reflect.java.lang.String'>: attribute lookup java.lang.String on jnius.reflect failed
2025-07-14 01:33:23,971 - ERROR - Error in batch processing: Can't pickle <class 'jnius.reflect.java.lang.String'>: attribute lookup java.lang.String on jnius.reflect failed
2025-07-14 01:33:23,977 - ERROR - Error in batch processing: Can't pickle <class 'jnius.reflect.java.lang.String'>: attribute lookup java.lang.String on jnius.reflect failed
2025-07-14 01:33:23,989 - ERROR - Error in batch processing: Can't pickle <class 'jnius.reflect.java.lang.String'>: attribute lookup java.lang.String on jnius.reflect failed
2025-07-14 01:33:24,002 - ERROR - Error in batch processing: Can't pickle <class 'jnius.reflect.java.lang.String'>: attribute lookup java.lang.String on jnius.reflect failed
2025-07-14 01:33:24,003 - ERROR - Error in batch processing: Can't pickle <class 'jnius.reflect.java.lang.String'>: attribute lookup java.lang.String on jnius.reflect failed
2025-07-14 01:33:24,010 - ERROR - Error in batch processing: Can't pickle <class 'jnius.reflect.java.lang.String'>: attribute lookup java.lang.String on jnius.reflect failed
2025-07-14 01:33:24,016 - ERROR - Error in batch processing: Can't pickle <class 'jnius.reflect.java.lang.String'>: attribute lookup java.lang.String on jnius.reflect failed
2025-07-14 01:33:24,028 - ERROR - Error in batch processing: Can't pickle <class 'jnius.reflect.java.lang.String'>: attribute lookup java.lang.String on jnius.reflect failed
2025-07-14 01:33:24,036 - ERROR - Error in batch processing: Can't pickle <class 'jnius.reflect.java.lang.String'>: attribute lookup java.lang.String on jnius.reflect failed
2025-07-14 01:33:24,055 - ERROR - Error in batch processing: Can't pickle <class 'jnius.reflect.java.lang.String'>: attribute lookup java.lang.String on jnius.reflect failed
2025-07-14 01:33:24,055 - ERROR - Error in batch processing: Can't pickle <class 'jnius.reflect.java.lang.String'>: attribute lookup java.lang.String on jnius.reflect failed
2025-07-14 01:33:24,076 - ERROR - Error in batch processing: Can't pickle <class 'jnius.reflect.java.lang.String'>: attribute lookup java.lang.String on jnius.reflect failed
2025-07-14 01:33:24,091 - ERROR - Error in batch processing: Can't pickle <class 'jnius.reflect.java.lang.String'>: attribute lookup java.lang.String on jnius.reflect failed
2025-07-14 01:33:24,092 - ERROR - Error in batch processing: Can't pickle <class 'jnius.reflect.java.lang.String'>: attribute lookup java.lang.String on jnius.reflect failed
2025-07-14 01:33:24,125 - ERROR - Error in batch processing: Can't pickle <class 'jnius.reflect.java.lang.String'>: attribute lookup java.lang.String on jnius.reflect failed
2025-07-14 01:33:24,125 - ERROR - Error in batch processing: Can't pickle <class 'jnius.reflect.java.lang.String'>: attribute lookup java.lang.String on jnius.reflect failed
2025-07-14 01:33:24,132 - ERROR - Error in batch processing: Can't pickle <class 'jnius.reflect.java.lang.String'>: attribute lookup java.lang.String on jnius.reflect failed
2025-07-14 01:33:24,137 - ERROR - Error in batch processing: Can't pickle <class 'jnius.reflect.java.lang.String'>: attribute lookup java.lang.String on jnius.reflect failed
2025-07-14 01:33:24,145 - ERROR - Error in batch processing: Can't pickle <class 'jnius.reflect.java.lang.String'>: attribute lookup java.lang.String on jnius.reflect failed
2025-07-14 01:33:24,155 - ERROR - Error in batch processing: Can't pickle <class 'jnius.reflect.java.lang.String'>: attribute lookup java.lang.String on jnius.reflect failed
2025-07-14 01:33:24,167 - ERROR - Error in batch processing: Can't pickle <class 'jnius.reflect.java.lang.String'>: attribute lookup java.lang.String on jnius.reflect failed
2025-07-14 01:33:24,182 - ERROR - Error in batch processing: Can't pickle <class 'jnius.reflect.java.lang.String'>: attribute lookup java.lang.String on jnius.reflect failed
2025-07-14 01:33:24,195 - ERROR - Error in batch processing: Can't pickle <class 'jnius.reflect.java.lang.String'>: attribute lookup java.lang.String on jnius.reflect failed
2025-07-14 01:33:24,204 - ERROR - Error in batch processing: Can't pickle <class 'jnius.reflect.java.lang.String'>: attribute lookup java.lang.String on jnius.reflect failed
2025-07-14 01:33:24,217 - ERROR - Error in batch processing: Can't pickle <class 'jnius.reflect.java.lang.String'>: attribute lookup java.lang.String on jnius.reflect failed
2025-07-14 01:33:24,249 - ERROR - Error in batch processing: Can't pickle <class 'jnius.reflect.java.lang.String'>: attribute lookup java.lang.String on jnius.reflect failed
2025-07-14 01:33:24,249 - ERROR - Error in batch processing: Can't pickle <class 'jnius.reflect.java.lang.String'>: attribute lookup java.lang.String on jnius.reflect failed
2025-07-14 01:33:24,249 - ERROR - Error in batch processing: Can't pickle <class 'jnius.reflect.java.lang.String'>: attribute lookup java.lang.String on jnius.reflect failed
2025-07-14 01:33:24,266 - ERROR - Error in batch processing: Can't pickle <class 'jnius.reflect.java.lang.String'>: attribute lookup java.lang.String on jnius.reflect failed
2025-07-14 01:33:24,266 - ERROR - Error in batch processing: Can't pickle <class 'jnius.reflect.java.lang.String'>: attribute lookup java.lang.String on jnius.reflect failed
2025-07-14 01:33:24,266 - ERROR - Error in batch processing: Can't pickle <class 'jnius.reflect.java.lang.String'>: attribute lookup java.lang.String on jnius.reflect failed
2025-07-14 01:33:24,266 - ERROR - Error in batch processing: Can't pickle <class 'jnius.reflect.java.lang.String'>: attribute lookup java.lang.String on jnius.reflect failed
2025-07-14 01:33:24,278 - ERROR - Error in batch processing: Can't pickle <class 'jnius.reflect.java.lang.String'>: attribute lookup java.lang.String on jnius.reflect failed
2025-07-14 01:33:24,289 - ERROR - Error in batch processing: Can't pickle <class 'jnius.reflect.java.lang.String'>: attribute lookup java.lang.String on jnius.reflect failed
2025-07-14 01:33:24,307 - ERROR - Error in batch processing: Can't pickle <class 'jnius.reflect.java.lang.String'>: attribute lookup java.lang.String on jnius.reflect failed
2025-07-14 01:33:24,307 - ERROR - Error in batch processing: Can't pickle <class 'jnius.reflect.java.lang.String'>: attribute lookup java.lang.String on jnius.reflect failed
2025-07-14 01:33:24,320 - ERROR - Error in batch processing: Can't pickle <class 'jnius.reflect.java.lang.String'>: attribute lookup java.lang.String on jnius.reflect failed
2025-07-14 01:33:24,335 - ERROR - Error in batch processing: Can't pickle <class 'jnius.reflect.java.lang.String'>: attribute lookup java.lang.String on jnius.reflect failed
2025-07-14 01:33:24,335 - ERROR - Error in batch processing: Can't pickle <class 'jnius.reflect.java.lang.String'>: attribute lookup java.lang.String on jnius.reflect failed
2025-07-14 01:33:24,350 - ERROR - Error in batch processing: Can't pickle <class 'jnius.reflect.java.lang.String'>: attribute lookup java.lang.String on jnius.reflect failed
2025-07-14 01:33:24,350 - ERROR - Error in batch processing: Can't pickle <class 'jnius.reflect.java.lang.String'>: attribute lookup java.lang.String on jnius.reflect failed
2025-07-14 01:33:24,359 - ERROR - Error in batch processing: Can't pickle <class 'jnius.reflect.java.lang.String'>: attribute lookup java.lang.String on jnius.reflect failed
2025-07-14 01:33:24,365 - ERROR - Error in batch processing: Can't pickle <class 'jnius.reflect.java.lang.String'>: attribute lookup java.lang.String on jnius.reflect failed
2025-07-14 01:33:24,372 - ERROR - Error in batch processing: Can't pickle <class 'jnius.reflect.java.lang.String'>: attribute lookup java.lang.String on jnius.reflect failed
2025-07-14 01:33:24,379 - ERROR - Error in batch processing: Can't pickle <class 'jnius.reflect.java.lang.String'>: attribute lookup java.lang.String on jnius.reflect failed
2025-07-14 01:33:24,379 - ERROR - Error in batch processing: Can't pickle <class 'jnius.reflect.java.lang.String'>: attribute lookup java.lang.String on jnius.reflect failed
2025-07-14 01:33:24,393 - ERROR - Error in batch processing: Can't pickle <class 'jnius.reflect.java.lang.String'>: attribute lookup java.lang.String on jnius.reflect failed
2025-07-14 01:33:24,398 - ERROR - Error in batch processing: Can't pickle <class 'jnius.reflect.java.lang.String'>: attribute lookup java.lang.String on jnius.reflect failed
2025-07-14 01:33:24,401 - ERROR - Error in batch processing: Can't pickle <class 'jnius.reflect.java.lang.String'>: attribute lookup java.lang.String on jnius.reflect failed
2025-07-14 01:33:24,413 - ERROR - Error in batch processing: Can't pickle <class 'jnius.reflect.java.lang.String'>: attribute lookup java.lang.String on jnius.reflect failed
2025-07-14 01:33:24,416 - ERROR - Error in batch processing: Can't pickle <class 'jnius.reflect.java.lang.String'>: attribute lookup java.lang.String on jnius.reflect failed
2025-07-14 01:33:24,430 - ERROR - Error in batch processing: Can't pickle <class 'jnius.reflect.java.lang.String'>: attribute lookup java.lang.String on jnius.reflect failed
2025-07-14 01:33:24,430 - ERROR - Error in batch processing: Can't pickle <class 'jnius.reflect.java.lang.String'>: attribute lookup java.lang.String on jnius.reflect failed
2025-07-14 01:33:24,443 - ERROR - Error in batch processing: Can't pickle <class 'jnius.reflect.java.lang.String'>: attribute lookup java.lang.String on jnius.reflect failed
2025-07-14 01:33:24,443 - ERROR - Error in batch processing: Can't pickle <class 'jnius.reflect.java.lang.String'>: attribute lookup java.lang.String on jnius.reflect failed
2025-07-14 01:33:24,449 - ERROR - Error in batch processing: Can't pickle <class 'jnius.reflect.java.lang.String'>: attribute lookup java.lang.String on jnius.reflect failed
2025-07-14 01:33:24,454 - ERROR - Error in batch processing: Can't pickle <class 'jnius.reflect.java.lang.String'>: attribute lookup java.lang.String on jnius.reflect failed
2025-07-14 01:33:24,459 - ERROR - Error in batch processing: Can't pickle <class 'jnius.reflect.java.lang.String'>: attribute lookup java.lang.String on jnius.reflect failed
2025-07-14 01:33:24,467 - ERROR - Error in batch processing: Can't pickle <class 'jnius.reflect.java.lang.String'>: attribute lookup java.lang.String on jnius.reflect failed
2025-07-14 01:33:24,475 - ERROR - Error in batch processing: Can't pickle <class 'jnius.reflect.java.lang.String'>: attribute lookup java.lang.String on jnius.reflect failed
2025-07-14 01:33:24,481 - ERROR - Error in batch processing: Can't pickle <class 'jnius.reflect.java.lang.String'>: attribute lookup java.lang.String on jnius.reflect failed
2025-07-14 01:33:24,492 - ERROR - Error in batch processing: Can't pickle <class 'jnius.reflect.java.lang.String'>: attribute lookup java.lang.String on jnius.reflect failed
2025-07-14 01:33:24,492 - ERROR - Error in batch processing: Can't pickle <class 'jnius.reflect.java.lang.String'>: attribute lookup java.lang.String on jnius.reflect failed
2025-07-14 01:33:24,500 - ERROR - Error in batch processing: Can't pickle <class 'jnius.reflect.java.lang.String'>: attribute lookup java.lang.String on jnius.reflect failed
2025-07-14 01:33:24,508 - ERROR - Error in batch processing: Can't pickle <class 'jnius.reflect.java.lang.String'>: attribute lookup java.lang.String on jnius.reflect failed
2025-07-14 01:33:24,516 - ERROR - Error in batch processing: Can't pickle <class 'jnius.reflect.java.lang.String'>: attribute lookup java.lang.String on jnius.reflect failed
2025-07-14 01:33:24,543 - ERROR - Error in batch processing: Can't pickle <class 'jnius.reflect.java.lang.String'>: attribute lookup java.lang.String on jnius.reflect failed
2025-07-14 01:33:24,585 - ERROR - Error in batch processing: Can't pickle <class 'jnius.reflect.java.lang.String'>: attribute lookup java.lang.String on jnius.reflect failed
2025-07-14 01:33:24,600 - ERROR - Error in batch processing: Can't pickle <class 'jnius.reflect.java.lang.String'>: attribute lookup java.lang.String on jnius.reflect failed
2025-07-14 01:33:24,617 - ERROR - Error in batch processing: Can't pickle <class 'jnius.reflect.java.lang.String'>: attribute lookup java.lang.String on jnius.reflect failed
2025-07-14 01:33:24,635 - ERROR - Error in batch processing: Can't pickle <class 'jnius.reflect.java.lang.String'>: attribute lookup java.lang.String on jnius.reflect failed
2025-07-14 01:33:24,650 - ERROR - Error in batch processing: Can't pickle <class 'jnius.reflect.java.lang.String'>: attribute lookup java.lang.String on jnius.reflect failed
2025-07-14 01:33:24,678 - ERROR - Error in batch processing: Can't pickle <class 'jnius.reflect.java.lang.String'>: attribute lookup java.lang.String on jnius.reflect failed
2025-07-14 01:33:24,716 - ERROR - Error in batch processing: Can't pickle <class 'jnius.reflect.java.lang.String'>: attribute lookup java.lang.String on jnius.reflect failed
2025-07-14 01:33:24,735 - ERROR - Error in batch processing: Can't pickle <class 'jnius.reflect.java.lang.String'>: attribute lookup java.lang.String on jnius.reflect failed
2025-07-14 01:33:24,751 - ERROR - Error in batch processing: Can't pickle <class 'jnius.reflect.java.lang.String'>: attribute lookup java.lang.String on jnius.reflect failed
2025-07-14 01:33:24,763 - ERROR - Error in batch processing: Can't pickle <class 'jnius.reflect.java.lang.String'>: attribute lookup java.lang.String on jnius.reflect failed
